<?xml version="1.0" encoding="UTF-8"?>
<dataset>
    <tree id="1" lft="1" rgt="2" depth="0" name="Root"/>
    <multiple_roots_tree id="1" tree="1" lft="1" rgt="2" depth="0" name="Root"/>
</dataset>
